<?xml version="1.0" encoding="UTF-8"?>
<!-- Generated by org.testng.reporters.JUnitXMLReporter -->
<testsuite hostname="EFSPC13" name="Validating title in the Page" tests="2" failures="1" timestamp="7 Jun 2020 09:29:26 GMT" time="45.461" errors="0">
  <testcase name="validateAppTitle" time="0.746" classname="Academy.validateTitle">
    <failure type="java.lang.AssertionError" message="expected [FEATURED 123COURSES] but found [FEATURED COURSES]">
      <![CDATA[java.lang.AssertionError: expected [FEATURED 123COURSES] but found [FEATURED COURSES]
	at Academy.validateTitle.validateAppTitle(validateTitle.java:40)
	at java.util.concurrent.FutureTask.run(FutureTask.java:266)
	at java.util.concurrent.ThreadPoolExecutor.runWorker(ThreadPoolExecutor.java:1149)
	at java.util.concurrent.ThreadPoolExecutor$Worker.run(ThreadPoolExecutor.java:624)
	at java.lang.Thread.run(Thread.java:748)
... Removed 21 stack frames]]>
    </failure>
  </testcase> <!-- validateAppTitle -->
  <testcase name="validateHeader" time="4.232" classname="Academy.validateTitle"/>
</testsuite> <!-- Validating title in the Page -->
